<?xml version="1.0" encoding="UTF-8"?>
<testsuite xmlns:xsi="http://www.w3.org/2001/XMLSchema-instance" xsi:noNamespaceSchemaLocation="https://maven.apache.org/surefire/maven-surefire-plugin/xsd/surefire-test-report.xsd" name="com.soufang.soufangdemo.Experiment5ApplicationTests" time="25.405" tests="1" errors="0" skipped="0" failures="0">
  <properties>
    <property name="sun.desktop" value="windows"/>
    <property name="awt.toolkit" value="sun.awt.windows.WToolkit"/>
    <property name="file.encoding.pkg" value="sun.io"/>
    <property name="java.specification.version" value="1.8"/>
    <property name="sun.cpu.isalist" value="amd64"/>
    <property name="sun.jnu.encoding" value="GBK"/>
    <property name="java.class.path" value="F:\soufangdemo\target\test-classes;F:\soufangdemo\target\classes;F:\javamaven\.m2\repository\org\springframework\boot\spring-boot-starter-web\2.7.9\spring-boot-starter-web-2.7.9.jar;F:\javamaven\.m2\repository\org\springframework\boot\spring-boot-starter\2.7.9\spring-boot-starter-2.7.9.jar;F:\javamaven\.m2\repository\org\springframework\boot\spring-boot\2.7.9\spring-boot-2.7.9.jar;F:\javamaven\.m2\repository\org\springframework\boot\spring-boot-autoconfigure\2.7.9\spring-boot-autoconfigure-2.7.9.jar;F:\javamaven\.m2\repository\org\springframework\boot\spring-boot-starter-logging\2.7.9\spring-boot-starter-logging-2.7.9.jar;F:\javamaven\.m2\repository\ch\qos\logback\logback-classic\1.2.11\logback-classic-1.2.11.jar;F:\javamaven\.m2\repository\ch\qos\logback\logback-core\1.2.11\logback-core-1.2.11.jar;F:\javamaven\.m2\repository\org\apache\logging\log4j\log4j-to-slf4j\2.17.2\log4j-to-slf4j-2.17.2.jar;F:\javamaven\.m2\repository\org\apache\logging\log4j\log4j-api\2.17.2\log4j-api-2.17.2.jar;F:\javamaven\.m2\repository\org\slf4j\jul-to-slf4j\1.7.36\jul-to-slf4j-1.7.36.jar;F:\javamaven\.m2\repository\jakarta\annotation\jakarta.annotation-api\1.3.5\jakarta.annotation-api-1.3.5.jar;F:\javamaven\.m2\repository\org\yaml\snakeyaml\1.30\snakeyaml-1.30.jar;F:\javamaven\.m2\repository\org\springframework\boot\spring-boot-starter-json\2.7.9\spring-boot-starter-json-2.7.9.jar;F:\javamaven\.m2\repository\com\fasterxml\jackson\core\jackson-databind\2.13.5\jackson-databind-2.13.5.jar;F:\javamaven\.m2\repository\com\fasterxml\jackson\core\jackson-annotations\2.13.5\jackson-annotations-2.13.5.jar;F:\javamaven\.m2\repository\com\fasterxml\jackson\datatype\jackson-datatype-jdk8\2.13.5\jackson-datatype-jdk8-2.13.5.jar;F:\javamaven\.m2\repository\com\fasterxml\jackson\datatype\jackson-datatype-jsr310\2.13.5\jackson-datatype-jsr310-2.13.5.jar;F:\javamaven\.m2\repository\com\fasterxml\jackson\module\jackson-module-parameter-names\2.13.5\jackson-module-parameter-names-2.13.5.jar;F:\javamaven\.m2\repository\org\springframework\boot\spring-boot-starter-tomcat\2.7.9\spring-boot-starter-tomcat-2.7.9.jar;F:\javamaven\.m2\repository\org\apache\tomcat\embed\tomcat-embed-core\9.0.71\tomcat-embed-core-9.0.71.jar;F:\javamaven\.m2\repository\org\apache\tomcat\embed\tomcat-embed-el\9.0.71\tomcat-embed-el-9.0.71.jar;F:\javamaven\.m2\repository\org\apache\tomcat\embed\tomcat-embed-websocket\9.0.71\tomcat-embed-websocket-9.0.71.jar;F:\javamaven\.m2\repository\org\springframework\spring-web\5.3.25\spring-web-5.3.25.jar;F:\javamaven\.m2\repository\org\springframework\spring-beans\5.3.25\spring-beans-5.3.25.jar;F:\javamaven\.m2\repository\org\springframework\spring-webmvc\5.3.25\spring-webmvc-5.3.25.jar;F:\javamaven\.m2\repository\org\springframework\spring-expression\5.3.25\spring-expression-5.3.25.jar;F:\javamaven\.m2\repository\org\springframework\boot\spring-boot-starter-data-jpa\2.7.9\spring-boot-starter-data-jpa-2.7.9.jar;F:\javamaven\.m2\repository\org\springframework\boot\spring-boot-starter-aop\2.7.9\spring-boot-starter-aop-2.7.9.jar;F:\javamaven\.m2\repository\org\aspectj\aspectjweaver\1.9.7\aspectjweaver-1.9.7.jar;F:\javamaven\.m2\repository\org\springframework\boot\spring-boot-starter-jdbc\2.7.9\spring-boot-starter-jdbc-2.7.9.jar;F:\javamaven\.m2\repository\com\zaxxer\HikariCP\4.0.3\HikariCP-4.0.3.jar;F:\javamaven\.m2\repository\org\springframework\spring-jdbc\5.3.25\spring-jdbc-5.3.25.jar;F:\javamaven\.m2\repository\jakarta\transaction\jakarta.transaction-api\1.3.3\jakarta.transaction-api-1.3.3.jar;F:\javamaven\.m2\repository\jakarta\persistence\jakarta.persistence-api\2.2.3\jakarta.persistence-api-2.2.3.jar;F:\javamaven\.m2\repository\org\hibernate\hibernate-core\5.6.15.Final\hibernate-core-5.6.15.Final.jar;F:\javamaven\.m2\repository\org\jboss\logging\jboss-logging\3.4.3.Final\jboss-logging-3.4.3.Final.jar;F:\javamaven\.m2\repository\net\bytebuddy\byte-buddy\1.12.23\byte-buddy-1.12.23.jar;F:\javamaven\.m2\repository\antlr\antlr\2.7.7\antlr-2.7.7.jar;F:\javamaven\.m2\repository\org\jboss\jandex\2.4.2.Final\jandex-2.4.2.Final.jar;F:\javamaven\.m2\repository\com\fasterxml\classmate\1.5.1\classmate-1.5.1.jar;F:\javamaven\.m2\repository\org\hibernate\common\hibernate-commons-annotations\5.1.2.Final\hibernate-commons-annotations-5.1.2.Final.jar;F:\javamaven\.m2\repository\org\glassfish\jaxb\jaxb-runtime\2.3.8\jaxb-runtime-2.3.8.jar;F:\javamaven\.m2\repository\org\glassfish\jaxb\txw2\2.3.8\txw2-2.3.8.jar;F:\javamaven\.m2\repository\com\sun\istack\istack-commons-runtime\3.0.12\istack-commons-runtime-3.0.12.jar;F:\javamaven\.m2\repository\com\sun\activation\jakarta.activation\1.2.2\jakarta.activation-1.2.2.jar;F:\javamaven\.m2\repository\org\springframework\data\spring-data-jpa\2.7.8\spring-data-jpa-2.7.8.jar;F:\javamaven\.m2\repository\org\springframework\data\spring-data-commons\2.7.8\spring-data-commons-2.7.8.jar;F:\javamaven\.m2\repository\org\springframework\spring-orm\5.3.25\spring-orm-5.3.25.jar;F:\javamaven\.m2\repository\org\slf4j\slf4j-api\1.7.36\slf4j-api-1.7.36.jar;F:\javamaven\.m2\repository\org\springframework\spring-aspects\5.3.25\spring-aspects-5.3.25.jar;F:\javamaven\.m2\repository\com\mysql\mysql-connector-j\8.0.32\mysql-connector-j-8.0.32.jar;F:\javamaven\.m2\repository\org\springframework\boot\spring-boot-starter-security\2.7.9\spring-boot-starter-security-2.7.9.jar;F:\javamaven\.m2\repository\org\springframework\spring-aop\5.3.25\spring-aop-5.3.25.jar;F:\javamaven\.m2\repository\org\springframework\security\spring-security-config\5.7.7\spring-security-config-5.7.7.jar;F:\javamaven\.m2\repository\org\springframework\security\spring-security-core\5.7.7\spring-security-core-5.7.7.jar;F:\javamaven\.m2\repository\org\springframework\security\spring-security-crypto\5.7.7\spring-security-crypto-5.7.7.jar;F:\javamaven\.m2\repository\org\springframework\security\spring-security-web\5.7.7\spring-security-web-5.7.7.jar;F:\javamaven\.m2\repository\org\springframework\boot\spring-boot-starter-test\2.7.9\spring-boot-starter-test-2.7.9.jar;F:\javamaven\.m2\repository\org\springframework\boot\spring-boot-test\2.7.9\spring-boot-test-2.7.9.jar;F:\javamaven\.m2\repository\org\springframework\boot\spring-boot-test-autoconfigure\2.7.9\spring-boot-test-autoconfigure-2.7.9.jar;F:\javamaven\.m2\repository\com\jayway\jsonpath\json-path\2.7.0\json-path-2.7.0.jar;F:\javamaven\.m2\repository\net\minidev\json-smart\2.4.8\json-smart-2.4.8.jar;F:\javamaven\.m2\repository\net\minidev\accessors-smart\2.4.8\accessors-smart-2.4.8.jar;F:\javamaven\.m2\repository\org\ow2\asm\asm\9.1\asm-9.1.jar;F:\javamaven\.m2\repository\jakarta\xml\bind\jakarta.xml.bind-api\2.3.3\jakarta.xml.bind-api-2.3.3.jar;F:\javamaven\.m2\repository\jakarta\activation\jakarta.activation-api\1.2.2\jakarta.activation-api-1.2.2.jar;F:\javamaven\.m2\repository\org\assertj\assertj-core\3.22.0\assertj-core-3.22.0.jar;F:\javamaven\.m2\repository\org\hamcrest\hamcrest\2.2\hamcrest-2.2.jar;F:\javamaven\.m2\repository\org\junit\jupiter\junit-jupiter\5.8.2\junit-jupiter-5.8.2.jar;F:\javamaven\.m2\repository\org\junit\jupiter\junit-jupiter-api\5.8.2\junit-jupiter-api-5.8.2.jar;F:\javamaven\.m2\repository\org\opentest4j\opentest4j\1.2.0\opentest4j-1.2.0.jar;F:\javamaven\.m2\repository\org\junit\platform\junit-platform-commons\1.8.2\junit-platform-commons-1.8.2.jar;F:\javamaven\.m2\repository\org\apiguardian\apiguardian-api\1.1.2\apiguardian-api-1.1.2.jar;F:\javamaven\.m2\repository\org\junit\jupiter\junit-jupiter-params\5.8.2\junit-jupiter-params-5.8.2.jar;F:\javamaven\.m2\repository\org\junit\jupiter\junit-jupiter-engine\5.8.2\junit-jupiter-engine-5.8.2.jar;F:\javamaven\.m2\repository\org\junit\platform\junit-platform-engine\1.8.2\junit-platform-engine-1.8.2.jar;F:\javamaven\.m2\repository\org\mockito\mockito-core\4.5.1\mockito-core-4.5.1.jar;F:\javamaven\.m2\repository\net\bytebuddy\byte-buddy-agent\1.12.23\byte-buddy-agent-1.12.23.jar;F:\javamaven\.m2\repository\org\objenesis\objenesis\3.2\objenesis-3.2.jar;F:\javamaven\.m2\repository\org\mockito\mockito-junit-jupiter\4.5.1\mockito-junit-jupiter-4.5.1.jar;F:\javamaven\.m2\repository\org\skyscreamer\jsonassert\1.5.1\jsonassert-1.5.1.jar;F:\javamaven\.m2\repository\com\vaadin\external\google\android-json\0.0.20131108.vaadin1\android-json-0.0.20131108.vaadin1.jar;F:\javamaven\.m2\repository\org\springframework\spring-core\5.3.25\spring-core-5.3.25.jar;F:\javamaven\.m2\repository\org\springframework\spring-jcl\5.3.25\spring-jcl-5.3.25.jar;F:\javamaven\.m2\repository\org\springframework\spring-test\5.3.25\spring-test-5.3.25.jar;F:\javamaven\.m2\repository\org\xmlunit\xmlunit-core\2.9.1\xmlunit-core-2.9.1.jar;F:\javamaven\.m2\repository\org\springframework\boot\spring-boot-starter-data-redis\2.7.9\spring-boot-starter-data-redis-2.7.9.jar;F:\javamaven\.m2\repository\org\springframework\data\spring-data-redis\2.7.8\spring-data-redis-2.7.8.jar;F:\javamaven\.m2\repository\org\springframework\data\spring-data-keyvalue\2.7.8\spring-data-keyvalue-2.7.8.jar;F:\javamaven\.m2\repository\org\springframework\spring-oxm\5.3.25\spring-oxm-5.3.25.jar;F:\javamaven\.m2\repository\org\springframework\spring-context-support\5.3.25\spring-context-support-5.3.25.jar;F:\javamaven\.m2\repository\io\lettuce\lettuce-core\6.1.10.RELEASE\lettuce-core-6.1.10.RELEASE.jar;F:\javamaven\.m2\repository\io\netty\netty-common\4.1.89.Final\netty-common-4.1.89.Final.jar;F:\javamaven\.m2\repository\io\netty\netty-handler\4.1.89.Final\netty-handler-4.1.89.Final.jar;F:\javamaven\.m2\repository\io\netty\netty-resolver\4.1.89.Final\netty-resolver-4.1.89.Final.jar;F:\javamaven\.m2\repository\io\netty\netty-buffer\4.1.89.Final\netty-buffer-4.1.89.Final.jar;F:\javamaven\.m2\repository\io\netty\netty-transport-native-unix-common\4.1.89.Final\netty-transport-native-unix-common-4.1.89.Final.jar;F:\javamaven\.m2\repository\io\netty\netty-codec\4.1.89.Final\netty-codec-4.1.89.Final.jar;F:\javamaven\.m2\repository\io\netty\netty-transport\4.1.89.Final\netty-transport-4.1.89.Final.jar;F:\javamaven\.m2\repository\io\projectreactor\reactor-core\3.4.27\reactor-core-3.4.27.jar;F:\javamaven\.m2\repository\org\reactivestreams\reactive-streams\1.0.4\reactive-streams-1.0.4.jar;F:\javamaven\.m2\repository\org\springframework\boot\spring-boot-starter-data-elasticsearch\2.7.9\spring-boot-starter-data-elasticsearch-2.7.9.jar;F:\javamaven\.m2\repository\org\springframework\data\spring-data-elasticsearch\4.4.8\spring-data-elasticsearch-4.4.8.jar;F:\javamaven\.m2\repository\org\elasticsearch\client\elasticsearch-rest-high-level-client\7.17.9\elasticsearch-rest-high-level-client-7.17.9.jar;F:\javamaven\.m2\repository\org\elasticsearch\elasticsearch\7.17.9\elasticsearch-7.17.9.jar;F:\javamaven\.m2\repository\org\elasticsearch\elasticsearch-core\7.17.9\elasticsearch-core-7.17.9.jar;F:\javamaven\.m2\repository\org\elasticsearch\elasticsearch-secure-sm\7.17.9\elasticsearch-secure-sm-7.17.9.jar;F:\javamaven\.m2\repository\org\elasticsearch\elasticsearch-x-content\7.17.9\elasticsearch-x-content-7.17.9.jar;F:\javamaven\.m2\repository\com\fasterxml\jackson\dataformat\jackson-dataformat-smile\2.13.5\jackson-dataformat-smile-2.13.5.jar;F:\javamaven\.m2\repository\com\fasterxml\jackson\dataformat\jackson-dataformat-yaml\2.13.5\jackson-dataformat-yaml-2.13.5.jar;F:\javamaven\.m2\repository\com\fasterxml\jackson\dataformat\jackson-dataformat-cbor\2.13.5\jackson-dataformat-cbor-2.13.5.jar;F:\javamaven\.m2\repository\org\elasticsearch\elasticsearch-geo\7.17.9\elasticsearch-geo-7.17.9.jar;F:\javamaven\.m2\repository\org\elasticsearch\elasticsearch-lz4\7.17.9\elasticsearch-lz4-7.17.9.jar;F:\javamaven\.m2\repository\org\apache\lucene\lucene-core\8.11.1\lucene-core-8.11.1.jar;F:\javamaven\.m2\repository\org\apache\lucene\lucene-analyzers-common\8.11.1\lucene-analyzers-common-8.11.1.jar;F:\javamaven\.m2\repository\org\apache\lucene\lucene-backward-codecs\8.11.1\lucene-backward-codecs-8.11.1.jar;F:\javamaven\.m2\repository\org\apache\lucene\lucene-grouping\8.11.1\lucene-grouping-8.11.1.jar;F:\javamaven\.m2\repository\org\apache\lucene\lucene-highlighter\8.11.1\lucene-highlighter-8.11.1.jar;F:\javamaven\.m2\repository\org\apache\lucene\lucene-join\8.11.1\lucene-join-8.11.1.jar;F:\javamaven\.m2\repository\org\apache\lucene\lucene-memory\8.11.1\lucene-memory-8.11.1.jar;F:\javamaven\.m2\repository\org\apache\lucene\lucene-misc\8.11.1\lucene-misc-8.11.1.jar;F:\javamaven\.m2\repository\org\apache\lucene\lucene-queries\8.11.1\lucene-queries-8.11.1.jar;F:\javamaven\.m2\repository\org\apache\lucene\lucene-queryparser\8.11.1\lucene-queryparser-8.11.1.jar;F:\javamaven\.m2\repository\org\apache\lucene\lucene-sandbox\8.11.1\lucene-sandbox-8.11.1.jar;F:\javamaven\.m2\repository\org\apache\lucene\lucene-spatial3d\8.11.1\lucene-spatial3d-8.11.1.jar;F:\javamaven\.m2\repository\org\apache\lucene\lucene-suggest\8.11.1\lucene-suggest-8.11.1.jar;F:\javamaven\.m2\repository\org\elasticsearch\elasticsearch-cli\7.17.9\elasticsearch-cli-7.17.9.jar;F:\javamaven\.m2\repository\net\sf\jopt-simple\jopt-simple\5.0.2\jopt-simple-5.0.2.jar;F:\javamaven\.m2\repository\com\carrotsearch\hppc\0.8.1\hppc-0.8.1.jar;F:\javamaven\.m2\repository\joda-time\joda-time\2.10.10\joda-time-2.10.10.jar;F:\javamaven\.m2\repository\com\tdunning\t-digest\3.2\t-digest-3.2.jar;F:\javamaven\.m2\repository\org\hdrhistogram\HdrHistogram\2.1.9\HdrHistogram-2.1.9.jar;F:\javamaven\.m2\repository\net\java\dev\jna\jna\5.10.0\jna-5.10.0.jar;F:\javamaven\.m2\repository\org\elasticsearch\elasticsearch-plugin-classloader\7.17.9\elasticsearch-plugin-classloader-7.17.9.jar;F:\javamaven\.m2\repository\org\elasticsearch\plugin\mapper-extras-client\7.17.9\mapper-extras-client-7.17.9.jar;F:\javamaven\.m2\repository\org\elasticsearch\plugin\parent-join-client\7.17.9\parent-join-client-7.17.9.jar;F:\javamaven\.m2\repository\org\elasticsearch\plugin\aggs-matrix-stats-client\7.17.9\aggs-matrix-stats-client-7.17.9.jar;F:\javamaven\.m2\repository\org\elasticsearch\plugin\rank-eval-client\7.17.9\rank-eval-client-7.17.9.jar;F:\javamaven\.m2\repository\org\elasticsearch\plugin\lang-mustache-client\7.17.9\lang-mustache-client-7.17.9.jar;F:\javamaven\.m2\repository\com\github\spullara\mustache\java\compiler\0.9.6\compiler-0.9.6.jar;F:\javamaven\.m2\repository\co\elastic\clients\elasticsearch-java\7.17.9\elasticsearch-java-7.17.9.jar;F:\javamaven\.m2\repository\jakarta\json\jakarta.json-api\1.1.6\jakarta.json-api-1.1.6.jar;F:\javamaven\.m2\repository\org\eclipse\parsson\parsson\1.0.0\parsson-1.0.0.jar;F:\javamaven\.m2\repository\org\elasticsearch\client\elasticsearch-rest-client\7.17.9\elasticsearch-rest-client-7.17.9.jar;F:\javamaven\.m2\repository\org\apache\httpcomponents\httpclient\4.5.14\httpclient-4.5.14.jar;F:\javamaven\.m2\repository\org\apache\httpcomponents\httpcore\4.4.16\httpcore-4.4.16.jar;F:\javamaven\.m2\repository\org\apache\httpcomponents\httpasyncclient\4.1.5\httpasyncclient-4.1.5.jar;F:\javamaven\.m2\repository\org\apache\httpcomponents\httpcore-nio\4.4.16\httpcore-nio-4.4.16.jar;F:\javamaven\.m2\repository\com\fasterxml\jackson\core\jackson-core\2.13.5\jackson-core-2.13.5.jar;F:\javamaven\.m2\repository\org\springframework\kafka\spring-kafka\2.8.11\spring-kafka-2.8.11.jar;F:\javamaven\.m2\repository\org\springframework\spring-context\5.3.25\spring-context-5.3.25.jar;F:\javamaven\.m2\repository\org\springframework\spring-messaging\5.3.25\spring-messaging-5.3.25.jar;F:\javamaven\.m2\repository\org\springframework\spring-tx\5.3.25\spring-tx-5.3.25.jar;F:\javamaven\.m2\repository\org\springframework\retry\spring-retry\1.3.4\spring-retry-1.3.4.jar;F:\javamaven\.m2\repository\org\apache\kafka\kafka-clients\3.1.2\kafka-clients-3.1.2.jar;F:\javamaven\.m2\repository\com\github\luben\zstd-jni\1.5.0-4\zstd-jni-1.5.0-4.jar;F:\javamaven\.m2\repository\org\lz4\lz4-java\1.8.0\lz4-java-1.8.0.jar;F:\javamaven\.m2\repository\org\xerial\snappy\snappy-java\1.1.8.4\snappy-java-1.1.8.4.jar;F:\javamaven\.m2\repository\com\google\code\findbugs\jsr305\3.0.2\jsr305-3.0.2.jar;F:\javamaven\.m2\repository\com\aliyun\dysmsapi20170525\2.0.23\dysmsapi20170525-2.0.23.jar;F:\javamaven\.m2\repository\com\aliyun\tea-util\0.2.16\tea-util-0.2.16.jar;F:\javamaven\.m2\repository\com\aliyun\endpoint-util\0.0.7\endpoint-util-0.0.7.jar;F:\javamaven\.m2\repository\com\aliyun\tea\1.2.0\tea-1.2.0.jar;F:\javamaven\.m2\repository\com\aliyun\tea-openapi\0.2.8\tea-openapi-0.2.8.jar;F:\javamaven\.m2\repository\com\aliyun\alibabacloud-gateway-spi\0.0.1\alibabacloud-gateway-spi-0.0.1.jar;F:\javamaven\.m2\repository\com\aliyun\tea-xml\0.1.5\tea-xml-0.1.5.jar;F:\javamaven\.m2\repository\org\dom4j\dom4j\2.0.3\dom4j-2.0.3.jar;F:\javamaven\.m2\repository\com\aliyun\openapiutil\0.2.0\openapiutil-0.2.0.jar;F:\javamaven\.m2\repository\org\bouncycastle\bcpkix-jdk15on\1.65\bcpkix-jdk15on-1.65.jar;F:\javamaven\.m2\repository\org\bouncycastle\bcprov-jdk15on\1.65\bcprov-jdk15on-1.65.jar;F:\javamaven\.m2\repository\commons-codec\commons-codec\1.15\commons-codec-1.15.jar;F:\javamaven\.m2\repository\com\aliyun\credentials-java\0.2.11\credentials-java-0.2.11.jar;F:\javamaven\.m2\repository\org\ini4j\ini4j\0.5.4\ini4j-0.5.4.jar;F:\javamaven\.m2\repository\com\google\code\gson\gson\2.9.1\gson-2.9.1.jar;F:\javamaven\.m2\repository\org\jacoco\org.jacoco.agent\0.8.3\org.jacoco.agent-0.8.3-runtime.jar;F:\javamaven\.m2\repository\javax\xml\bind\jaxb-api\2.3.1\jaxb-api-2.3.1.jar;F:\javamaven\.m2\repository\javax\activation\javax.activation-api\1.2.0\javax.activation-api-1.2.0.jar;F:\javamaven\.m2\repository\com\sun\xml\bind\jaxb-core\2.3.0\jaxb-core-2.3.0.jar;F:\javamaven\.m2\repository\com\sun\xml\bind\jaxb-impl\2.3.0\jaxb-impl-2.3.0.jar;F:\javamaven\.m2\repository\com\tencentcloudapi\tencentcloud-sdk-java\3.1.738\tencentcloud-sdk-java-3.1.738.jar;F:\javamaven\.m2\repository\commons-logging\commons-logging\1.2\commons-logging-1.2.jar;F:\javamaven\.m2\repository\com\squareup\okio\okio\2.10.0\okio-2.10.0.jar;F:\javamaven\.m2\repository\org\jetbrains\kotlin\kotlin-stdlib\1.6.21\kotlin-stdlib-1.6.21.jar;F:\javamaven\.m2\repository\org\jetbrains\annotations\13.0\annotations-13.0.jar;F:\javamaven\.m2\repository\org\jetbrains\kotlin\kotlin-stdlib-common\1.6.21\kotlin-stdlib-common-1.6.21.jar;F:\javamaven\.m2\repository\com\squareup\okhttp3\okhttp\4.9.3\okhttp-4.9.3.jar;F:\javamaven\.m2\repository\com\squareup\okhttp3\logging-interceptor\4.9.3\logging-interceptor-4.9.3.jar;F:\javamaven\.m2\repository\org\jetbrains\kotlin\kotlin-stdlib-jdk8\1.6.21\kotlin-stdlib-jdk8-1.6.21.jar;F:\javamaven\.m2\repository\org\jetbrains\kotlin\kotlin-stdlib-jdk7\1.6.21\kotlin-stdlib-jdk7-1.6.21.jar;F:\javamaven\.m2\repository\org\springframework\session\spring-session-data-redis\2.7.0\spring-session-data-redis-2.7.0.jar;F:\javamaven\.m2\repository\org\springframework\session\spring-session-core\2.7.0\spring-session-core-2.7.0.jar;"/>
    <property name="java.vm.vendor" value="Oracle Corporation"/>
    <property name="sun.arch.data.model" value="64"/>
    <property name="user.variant" value=""/>
    <property name="java.vendor.url" value="http://java.oracle.com/"/>
    <property name="user.timezone" value="Asia/Shanghai"/>
    <property name="java.vm.specification.version" value="1.8"/>
    <property name="os.name" value="Windows 8.1"/>
    <property name="user.country" value="CN"/>
    <property name="sun.java.launcher" value="SUN_STANDARD"/>
    <property name="sun.boot.library.path" value="C:\Program Files\Java\jdk1.8.0_20\jre\bin"/>
    <property name="sun.java.command" value="C:\Users\昂昂昂\AppData\Local\Temp\surefire8599923651522327002\surefirebooter3782512113403294122.jar C:\Users\昂昂昂\AppData\Local\Temp\surefire8599923651522327002 2023-04-23T00-26-43_105-jvmRun1 surefire5540269169338571471tmp surefire_06067920142293703176tmp"/>
    <property name="surefire.test.class.path" value="F:\soufangdemo\target\test-classes;F:\soufangdemo\target\classes;F:\javamaven\.m2\repository\org\springframework\boot\spring-boot-starter-web\2.7.9\spring-boot-starter-web-2.7.9.jar;F:\javamaven\.m2\repository\org\springframework\boot\spring-boot-starter\2.7.9\spring-boot-starter-2.7.9.jar;F:\javamaven\.m2\repository\org\springframework\boot\spring-boot\2.7.9\spring-boot-2.7.9.jar;F:\javamaven\.m2\repository\org\springframework\boot\spring-boot-autoconfigure\2.7.9\spring-boot-autoconfigure-2.7.9.jar;F:\javamaven\.m2\repository\org\springframework\boot\spring-boot-starter-logging\2.7.9\spring-boot-starter-logging-2.7.9.jar;F:\javamaven\.m2\repository\ch\qos\logback\logback-classic\1.2.11\logback-classic-1.2.11.jar;F:\javamaven\.m2\repository\ch\qos\logback\logback-core\1.2.11\logback-core-1.2.11.jar;F:\javamaven\.m2\repository\org\apache\logging\log4j\log4j-to-slf4j\2.17.2\log4j-to-slf4j-2.17.2.jar;F:\javamaven\.m2\repository\org\apache\logging\log4j\log4j-api\2.17.2\log4j-api-2.17.2.jar;F:\javamaven\.m2\repository\org\slf4j\jul-to-slf4j\1.7.36\jul-to-slf4j-1.7.36.jar;F:\javamaven\.m2\repository\jakarta\annotation\jakarta.annotation-api\1.3.5\jakarta.annotation-api-1.3.5.jar;F:\javamaven\.m2\repository\org\yaml\snakeyaml\1.30\snakeyaml-1.30.jar;F:\javamaven\.m2\repository\org\springframework\boot\spring-boot-starter-json\2.7.9\spring-boot-starter-json-2.7.9.jar;F:\javamaven\.m2\repository\com\fasterxml\jackson\core\jackson-databind\2.13.5\jackson-databind-2.13.5.jar;F:\javamaven\.m2\repository\com\fasterxml\jackson\core\jackson-annotations\2.13.5\jackson-annotations-2.13.5.jar;F:\javamaven\.m2\repository\com\fasterxml\jackson\datatype\jackson-datatype-jdk8\2.13.5\jackson-datatype-jdk8-2.13.5.jar;F:\javamaven\.m2\repository\com\fasterxml\jackson\datatype\jackson-datatype-jsr310\2.13.5\jackson-datatype-jsr310-2.13.5.jar;F:\javamaven\.m2\repository\com\fasterxml\jackson\module\jackson-module-parameter-names\2.13.5\jackson-module-parameter-names-2.13.5.jar;F:\javamaven\.m2\repository\org\springframework\boot\spring-boot-starter-tomcat\2.7.9\spring-boot-starter-tomcat-2.7.9.jar;F:\javamaven\.m2\repository\org\apache\tomcat\embed\tomcat-embed-core\9.0.71\tomcat-embed-core-9.0.71.jar;F:\javamaven\.m2\repository\org\apache\tomcat\embed\tomcat-embed-el\9.0.71\tomcat-embed-el-9.0.71.jar;F:\javamaven\.m2\repository\org\apache\tomcat\embed\tomcat-embed-websocket\9.0.71\tomcat-embed-websocket-9.0.71.jar;F:\javamaven\.m2\repository\org\springframework\spring-web\5.3.25\spring-web-5.3.25.jar;F:\javamaven\.m2\repository\org\springframework\spring-beans\5.3.25\spring-beans-5.3.25.jar;F:\javamaven\.m2\repository\org\springframework\spring-webmvc\5.3.25\spring-webmvc-5.3.25.jar;F:\javamaven\.m2\repository\org\springframework\spring-expression\5.3.25\spring-expression-5.3.25.jar;F:\javamaven\.m2\repository\org\springframework\boot\spring-boot-starter-data-jpa\2.7.9\spring-boot-starter-data-jpa-2.7.9.jar;F:\javamaven\.m2\repository\org\springframework\boot\spring-boot-starter-aop\2.7.9\spring-boot-starter-aop-2.7.9.jar;F:\javamaven\.m2\repository\org\aspectj\aspectjweaver\1.9.7\aspectjweaver-1.9.7.jar;F:\javamaven\.m2\repository\org\springframework\boot\spring-boot-starter-jdbc\2.7.9\spring-boot-starter-jdbc-2.7.9.jar;F:\javamaven\.m2\repository\com\zaxxer\HikariCP\4.0.3\HikariCP-4.0.3.jar;F:\javamaven\.m2\repository\org\springframework\spring-jdbc\5.3.25\spring-jdbc-5.3.25.jar;F:\javamaven\.m2\repository\jakarta\transaction\jakarta.transaction-api\1.3.3\jakarta.transaction-api-1.3.3.jar;F:\javamaven\.m2\repository\jakarta\persistence\jakarta.persistence-api\2.2.3\jakarta.persistence-api-2.2.3.jar;F:\javamaven\.m2\repository\org\hibernate\hibernate-core\5.6.15.Final\hibernate-core-5.6.15.Final.jar;F:\javamaven\.m2\repository\org\jboss\logging\jboss-logging\3.4.3.Final\jboss-logging-3.4.3.Final.jar;F:\javamaven\.m2\repository\net\bytebuddy\byte-buddy\1.12.23\byte-buddy-1.12.23.jar;F:\javamaven\.m2\repository\antlr\antlr\2.7.7\antlr-2.7.7.jar;F:\javamaven\.m2\repository\org\jboss\jandex\2.4.2.Final\jandex-2.4.2.Final.jar;F:\javamaven\.m2\repository\com\fasterxml\classmate\1.5.1\classmate-1.5.1.jar;F:\javamaven\.m2\repository\org\hibernate\common\hibernate-commons-annotations\5.1.2.Final\hibernate-commons-annotations-5.1.2.Final.jar;F:\javamaven\.m2\repository\org\glassfish\jaxb\jaxb-runtime\2.3.8\jaxb-runtime-2.3.8.jar;F:\javamaven\.m2\repository\org\glassfish\jaxb\txw2\2.3.8\txw2-2.3.8.jar;F:\javamaven\.m2\repository\com\sun\istack\istack-commons-runtime\3.0.12\istack-commons-runtime-3.0.12.jar;F:\javamaven\.m2\repository\com\sun\activation\jakarta.activation\1.2.2\jakarta.activation-1.2.2.jar;F:\javamaven\.m2\repository\org\springframework\data\spring-data-jpa\2.7.8\spring-data-jpa-2.7.8.jar;F:\javamaven\.m2\repository\org\springframework\data\spring-data-commons\2.7.8\spring-data-commons-2.7.8.jar;F:\javamaven\.m2\repository\org\springframework\spring-orm\5.3.25\spring-orm-5.3.25.jar;F:\javamaven\.m2\repository\org\slf4j\slf4j-api\1.7.36\slf4j-api-1.7.36.jar;F:\javamaven\.m2\repository\org\springframework\spring-aspects\5.3.25\spring-aspects-5.3.25.jar;F:\javamaven\.m2\repository\com\mysql\mysql-connector-j\8.0.32\mysql-connector-j-8.0.32.jar;F:\javamaven\.m2\repository\org\springframework\boot\spring-boot-starter-security\2.7.9\spring-boot-starter-security-2.7.9.jar;F:\javamaven\.m2\repository\org\springframework\spring-aop\5.3.25\spring-aop-5.3.25.jar;F:\javamaven\.m2\repository\org\springframework\security\spring-security-config\5.7.7\spring-security-config-5.7.7.jar;F:\javamaven\.m2\repository\org\springframework\security\spring-security-core\5.7.7\spring-security-core-5.7.7.jar;F:\javamaven\.m2\repository\org\springframework\security\spring-security-crypto\5.7.7\spring-security-crypto-5.7.7.jar;F:\javamaven\.m2\repository\org\springframework\security\spring-security-web\5.7.7\spring-security-web-5.7.7.jar;F:\javamaven\.m2\repository\org\springframework\boot\spring-boot-starter-test\2.7.9\spring-boot-starter-test-2.7.9.jar;F:\javamaven\.m2\repository\org\springframework\boot\spring-boot-test\2.7.9\spring-boot-test-2.7.9.jar;F:\javamaven\.m2\repository\org\springframework\boot\spring-boot-test-autoconfigure\2.7.9\spring-boot-test-autoconfigure-2.7.9.jar;F:\javamaven\.m2\repository\com\jayway\jsonpath\json-path\2.7.0\json-path-2.7.0.jar;F:\javamaven\.m2\repository\net\minidev\json-smart\2.4.8\json-smart-2.4.8.jar;F:\javamaven\.m2\repository\net\minidev\accessors-smart\2.4.8\accessors-smart-2.4.8.jar;F:\javamaven\.m2\repository\org\ow2\asm\asm\9.1\asm-9.1.jar;F:\javamaven\.m2\repository\jakarta\xml\bind\jakarta.xml.bind-api\2.3.3\jakarta.xml.bind-api-2.3.3.jar;F:\javamaven\.m2\repository\jakarta\activation\jakarta.activation-api\1.2.2\jakarta.activation-api-1.2.2.jar;F:\javamaven\.m2\repository\org\assertj\assertj-core\3.22.0\assertj-core-3.22.0.jar;F:\javamaven\.m2\repository\org\hamcrest\hamcrest\2.2\hamcrest-2.2.jar;F:\javamaven\.m2\repository\org\junit\jupiter\junit-jupiter\5.8.2\junit-jupiter-5.8.2.jar;F:\javamaven\.m2\repository\org\junit\jupiter\junit-jupiter-api\5.8.2\junit-jupiter-api-5.8.2.jar;F:\javamaven\.m2\repository\org\opentest4j\opentest4j\1.2.0\opentest4j-1.2.0.jar;F:\javamaven\.m2\repository\org\junit\platform\junit-platform-commons\1.8.2\junit-platform-commons-1.8.2.jar;F:\javamaven\.m2\repository\org\apiguardian\apiguardian-api\1.1.2\apiguardian-api-1.1.2.jar;F:\javamaven\.m2\repository\org\junit\jupiter\junit-jupiter-params\5.8.2\junit-jupiter-params-5.8.2.jar;F:\javamaven\.m2\repository\org\junit\jupiter\junit-jupiter-engine\5.8.2\junit-jupiter-engine-5.8.2.jar;F:\javamaven\.m2\repository\org\junit\platform\junit-platform-engine\1.8.2\junit-platform-engine-1.8.2.jar;F:\javamaven\.m2\repository\org\mockito\mockito-core\4.5.1\mockito-core-4.5.1.jar;F:\javamaven\.m2\repository\net\bytebuddy\byte-buddy-agent\1.12.23\byte-buddy-agent-1.12.23.jar;F:\javamaven\.m2\repository\org\objenesis\objenesis\3.2\objenesis-3.2.jar;F:\javamaven\.m2\repository\org\mockito\mockito-junit-jupiter\4.5.1\mockito-junit-jupiter-4.5.1.jar;F:\javamaven\.m2\repository\org\skyscreamer\jsonassert\1.5.1\jsonassert-1.5.1.jar;F:\javamaven\.m2\repository\com\vaadin\external\google\android-json\0.0.20131108.vaadin1\android-json-0.0.20131108.vaadin1.jar;F:\javamaven\.m2\repository\org\springframework\spring-core\5.3.25\spring-core-5.3.25.jar;F:\javamaven\.m2\repository\org\springframework\spring-jcl\5.3.25\spring-jcl-5.3.25.jar;F:\javamaven\.m2\repository\org\springframework\spring-test\5.3.25\spring-test-5.3.25.jar;F:\javamaven\.m2\repository\org\xmlunit\xmlunit-core\2.9.1\xmlunit-core-2.9.1.jar;F:\javamaven\.m2\repository\org\springframework\boot\spring-boot-starter-data-redis\2.7.9\spring-boot-starter-data-redis-2.7.9.jar;F:\javamaven\.m2\repository\org\springframework\data\spring-data-redis\2.7.8\spring-data-redis-2.7.8.jar;F:\javamaven\.m2\repository\org\springframework\data\spring-data-keyvalue\2.7.8\spring-data-keyvalue-2.7.8.jar;F:\javamaven\.m2\repository\org\springframework\spring-oxm\5.3.25\spring-oxm-5.3.25.jar;F:\javamaven\.m2\repository\org\springframework\spring-context-support\5.3.25\spring-context-support-5.3.25.jar;F:\javamaven\.m2\repository\io\lettuce\lettuce-core\6.1.10.RELEASE\lettuce-core-6.1.10.RELEASE.jar;F:\javamaven\.m2\repository\io\netty\netty-common\4.1.89.Final\netty-common-4.1.89.Final.jar;F:\javamaven\.m2\repository\io\netty\netty-handler\4.1.89.Final\netty-handler-4.1.89.Final.jar;F:\javamaven\.m2\repository\io\netty\netty-resolver\4.1.89.Final\netty-resolver-4.1.89.Final.jar;F:\javamaven\.m2\repository\io\netty\netty-buffer\4.1.89.Final\netty-buffer-4.1.89.Final.jar;F:\javamaven\.m2\repository\io\netty\netty-transport-native-unix-common\4.1.89.Final\netty-transport-native-unix-common-4.1.89.Final.jar;F:\javamaven\.m2\repository\io\netty\netty-codec\4.1.89.Final\netty-codec-4.1.89.Final.jar;F:\javamaven\.m2\repository\io\netty\netty-transport\4.1.89.Final\netty-transport-4.1.89.Final.jar;F:\javamaven\.m2\repository\io\projectreactor\reactor-core\3.4.27\reactor-core-3.4.27.jar;F:\javamaven\.m2\repository\org\reactivestreams\reactive-streams\1.0.4\reactive-streams-1.0.4.jar;F:\javamaven\.m2\repository\org\springframework\boot\spring-boot-starter-data-elasticsearch\2.7.9\spring-boot-starter-data-elasticsearch-2.7.9.jar;F:\javamaven\.m2\repository\org\springframework\data\spring-data-elasticsearch\4.4.8\spring-data-elasticsearch-4.4.8.jar;F:\javamaven\.m2\repository\org\elasticsearch\client\elasticsearch-rest-high-level-client\7.17.9\elasticsearch-rest-high-level-client-7.17.9.jar;F:\javamaven\.m2\repository\org\elasticsearch\elasticsearch\7.17.9\elasticsearch-7.17.9.jar;F:\javamaven\.m2\repository\org\elasticsearch\elasticsearch-core\7.17.9\elasticsearch-core-7.17.9.jar;F:\javamaven\.m2\repository\org\elasticsearch\elasticsearch-secure-sm\7.17.9\elasticsearch-secure-sm-7.17.9.jar;F:\javamaven\.m2\repository\org\elasticsearch\elasticsearch-x-content\7.17.9\elasticsearch-x-content-7.17.9.jar;F:\javamaven\.m2\repository\com\fasterxml\jackson\dataformat\jackson-dataformat-smile\2.13.5\jackson-dataformat-smile-2.13.5.jar;F:\javamaven\.m2\repository\com\fasterxml\jackson\dataformat\jackson-dataformat-yaml\2.13.5\jackson-dataformat-yaml-2.13.5.jar;F:\javamaven\.m2\repository\com\fasterxml\jackson\dataformat\jackson-dataformat-cbor\2.13.5\jackson-dataformat-cbor-2.13.5.jar;F:\javamaven\.m2\repository\org\elasticsearch\elasticsearch-geo\7.17.9\elasticsearch-geo-7.17.9.jar;F:\javamaven\.m2\repository\org\elasticsearch\elasticsearch-lz4\7.17.9\elasticsearch-lz4-7.17.9.jar;F:\javamaven\.m2\repository\org\apache\lucene\lucene-core\8.11.1\lucene-core-8.11.1.jar;F:\javamaven\.m2\repository\org\apache\lucene\lucene-analyzers-common\8.11.1\lucene-analyzers-common-8.11.1.jar;F:\javamaven\.m2\repository\org\apache\lucene\lucene-backward-codecs\8.11.1\lucene-backward-codecs-8.11.1.jar;F:\javamaven\.m2\repository\org\apache\lucene\lucene-grouping\8.11.1\lucene-grouping-8.11.1.jar;F:\javamaven\.m2\repository\org\apache\lucene\lucene-highlighter\8.11.1\lucene-highlighter-8.11.1.jar;F:\javamaven\.m2\repository\org\apache\lucene\lucene-join\8.11.1\lucene-join-8.11.1.jar;F:\javamaven\.m2\repository\org\apache\lucene\lucene-memory\8.11.1\lucene-memory-8.11.1.jar;F:\javamaven\.m2\repository\org\apache\lucene\lucene-misc\8.11.1\lucene-misc-8.11.1.jar;F:\javamaven\.m2\repository\org\apache\lucene\lucene-queries\8.11.1\lucene-queries-8.11.1.jar;F:\javamaven\.m2\repository\org\apache\lucene\lucene-queryparser\8.11.1\lucene-queryparser-8.11.1.jar;F:\javamaven\.m2\repository\org\apache\lucene\lucene-sandbox\8.11.1\lucene-sandbox-8.11.1.jar;F:\javamaven\.m2\repository\org\apache\lucene\lucene-spatial3d\8.11.1\lucene-spatial3d-8.11.1.jar;F:\javamaven\.m2\repository\org\apache\lucene\lucene-suggest\8.11.1\lucene-suggest-8.11.1.jar;F:\javamaven\.m2\repository\org\elasticsearch\elasticsearch-cli\7.17.9\elasticsearch-cli-7.17.9.jar;F:\javamaven\.m2\repository\net\sf\jopt-simple\jopt-simple\5.0.2\jopt-simple-5.0.2.jar;F:\javamaven\.m2\repository\com\carrotsearch\hppc\0.8.1\hppc-0.8.1.jar;F:\javamaven\.m2\repository\joda-time\joda-time\2.10.10\joda-time-2.10.10.jar;F:\javamaven\.m2\repository\com\tdunning\t-digest\3.2\t-digest-3.2.jar;F:\javamaven\.m2\repository\org\hdrhistogram\HdrHistogram\2.1.9\HdrHistogram-2.1.9.jar;F:\javamaven\.m2\repository\net\java\dev\jna\jna\5.10.0\jna-5.10.0.jar;F:\javamaven\.m2\repository\org\elasticsearch\elasticsearch-plugin-classloader\7.17.9\elasticsearch-plugin-classloader-7.17.9.jar;F:\javamaven\.m2\repository\org\elasticsearch\plugin\mapper-extras-client\7.17.9\mapper-extras-client-7.17.9.jar;F:\javamaven\.m2\repository\org\elasticsearch\plugin\parent-join-client\7.17.9\parent-join-client-7.17.9.jar;F:\javamaven\.m2\repository\org\elasticsearch\plugin\aggs-matrix-stats-client\7.17.9\aggs-matrix-stats-client-7.17.9.jar;F:\javamaven\.m2\repository\org\elasticsearch\plugin\rank-eval-client\7.17.9\rank-eval-client-7.17.9.jar;F:\javamaven\.m2\repository\org\elasticsearch\plugin\lang-mustache-client\7.17.9\lang-mustache-client-7.17.9.jar;F:\javamaven\.m2\repository\com\github\spullara\mustache\java\compiler\0.9.6\compiler-0.9.6.jar;F:\javamaven\.m2\repository\co\elastic\clients\elasticsearch-java\7.17.9\elasticsearch-java-7.17.9.jar;F:\javamaven\.m2\repository\jakarta\json\jakarta.json-api\1.1.6\jakarta.json-api-1.1.6.jar;F:\javamaven\.m2\repository\org\eclipse\parsson\parsson\1.0.0\parsson-1.0.0.jar;F:\javamaven\.m2\repository\org\elasticsearch\client\elasticsearch-rest-client\7.17.9\elasticsearch-rest-client-7.17.9.jar;F:\javamaven\.m2\repository\org\apache\httpcomponents\httpclient\4.5.14\httpclient-4.5.14.jar;F:\javamaven\.m2\repository\org\apache\httpcomponents\httpcore\4.4.16\httpcore-4.4.16.jar;F:\javamaven\.m2\repository\org\apache\httpcomponents\httpasyncclient\4.1.5\httpasyncclient-4.1.5.jar;F:\javamaven\.m2\repository\org\apache\httpcomponents\httpcore-nio\4.4.16\httpcore-nio-4.4.16.jar;F:\javamaven\.m2\repository\com\fasterxml\jackson\core\jackson-core\2.13.5\jackson-core-2.13.5.jar;F:\javamaven\.m2\repository\org\springframework\kafka\spring-kafka\2.8.11\spring-kafka-2.8.11.jar;F:\javamaven\.m2\repository\org\springframework\spring-context\5.3.25\spring-context-5.3.25.jar;F:\javamaven\.m2\repository\org\springframework\spring-messaging\5.3.25\spring-messaging-5.3.25.jar;F:\javamaven\.m2\repository\org\springframework\spring-tx\5.3.25\spring-tx-5.3.25.jar;F:\javamaven\.m2\repository\org\springframework\retry\spring-retry\1.3.4\spring-retry-1.3.4.jar;F:\javamaven\.m2\repository\org\apache\kafka\kafka-clients\3.1.2\kafka-clients-3.1.2.jar;F:\javamaven\.m2\repository\com\github\luben\zstd-jni\1.5.0-4\zstd-jni-1.5.0-4.jar;F:\javamaven\.m2\repository\org\lz4\lz4-java\1.8.0\lz4-java-1.8.0.jar;F:\javamaven\.m2\repository\org\xerial\snappy\snappy-java\1.1.8.4\snappy-java-1.1.8.4.jar;F:\javamaven\.m2\repository\com\google\code\findbugs\jsr305\3.0.2\jsr305-3.0.2.jar;F:\javamaven\.m2\repository\com\aliyun\dysmsapi20170525\2.0.23\dysmsapi20170525-2.0.23.jar;F:\javamaven\.m2\repository\com\aliyun\tea-util\0.2.16\tea-util-0.2.16.jar;F:\javamaven\.m2\repository\com\aliyun\endpoint-util\0.0.7\endpoint-util-0.0.7.jar;F:\javamaven\.m2\repository\com\aliyun\tea\1.2.0\tea-1.2.0.jar;F:\javamaven\.m2\repository\com\aliyun\tea-openapi\0.2.8\tea-openapi-0.2.8.jar;F:\javamaven\.m2\repository\com\aliyun\alibabacloud-gateway-spi\0.0.1\alibabacloud-gateway-spi-0.0.1.jar;F:\javamaven\.m2\repository\com\aliyun\tea-xml\0.1.5\tea-xml-0.1.5.jar;F:\javamaven\.m2\repository\org\dom4j\dom4j\2.0.3\dom4j-2.0.3.jar;F:\javamaven\.m2\repository\com\aliyun\openapiutil\0.2.0\openapiutil-0.2.0.jar;F:\javamaven\.m2\repository\org\bouncycastle\bcpkix-jdk15on\1.65\bcpkix-jdk15on-1.65.jar;F:\javamaven\.m2\repository\org\bouncycastle\bcprov-jdk15on\1.65\bcprov-jdk15on-1.65.jar;F:\javamaven\.m2\repository\commons-codec\commons-codec\1.15\commons-codec-1.15.jar;F:\javamaven\.m2\repository\com\aliyun\credentials-java\0.2.11\credentials-java-0.2.11.jar;F:\javamaven\.m2\repository\org\ini4j\ini4j\0.5.4\ini4j-0.5.4.jar;F:\javamaven\.m2\repository\com\google\code\gson\gson\2.9.1\gson-2.9.1.jar;F:\javamaven\.m2\repository\org\jacoco\org.jacoco.agent\0.8.3\org.jacoco.agent-0.8.3-runtime.jar;F:\javamaven\.m2\repository\javax\xml\bind\jaxb-api\2.3.1\jaxb-api-2.3.1.jar;F:\javamaven\.m2\repository\javax\activation\javax.activation-api\1.2.0\javax.activation-api-1.2.0.jar;F:\javamaven\.m2\repository\com\sun\xml\bind\jaxb-core\2.3.0\jaxb-core-2.3.0.jar;F:\javamaven\.m2\repository\com\sun\xml\bind\jaxb-impl\2.3.0\jaxb-impl-2.3.0.jar;F:\javamaven\.m2\repository\com\tencentcloudapi\tencentcloud-sdk-java\3.1.738\tencentcloud-sdk-java-3.1.738.jar;F:\javamaven\.m2\repository\commons-logging\commons-logging\1.2\commons-logging-1.2.jar;F:\javamaven\.m2\repository\com\squareup\okio\okio\2.10.0\okio-2.10.0.jar;F:\javamaven\.m2\repository\org\jetbrains\kotlin\kotlin-stdlib\1.6.21\kotlin-stdlib-1.6.21.jar;F:\javamaven\.m2\repository\org\jetbrains\annotations\13.0\annotations-13.0.jar;F:\javamaven\.m2\repository\org\jetbrains\kotlin\kotlin-stdlib-common\1.6.21\kotlin-stdlib-common-1.6.21.jar;F:\javamaven\.m2\repository\com\squareup\okhttp3\okhttp\4.9.3\okhttp-4.9.3.jar;F:\javamaven\.m2\repository\com\squareup\okhttp3\logging-interceptor\4.9.3\logging-interceptor-4.9.3.jar;F:\javamaven\.m2\repository\org\jetbrains\kotlin\kotlin-stdlib-jdk8\1.6.21\kotlin-stdlib-jdk8-1.6.21.jar;F:\javamaven\.m2\repository\org\jetbrains\kotlin\kotlin-stdlib-jdk7\1.6.21\kotlin-stdlib-jdk7-1.6.21.jar;F:\javamaven\.m2\repository\org\springframework\session\spring-session-data-redis\2.7.0\spring-session-data-redis-2.7.0.jar;F:\javamaven\.m2\repository\org\springframework\session\spring-session-core\2.7.0\spring-session-core-2.7.0.jar;"/>
    <property name="sun.cpu.endian" value="little"/>
    <property name="user.home" value="C:\Users\昂昂昂"/>
    <property name="user.language" value="zh"/>
    <property name="java.specification.vendor" value="Oracle Corporation"/>
    <property name="java.home" value="C:\Program Files\Java\jdk1.8.0_20\jre"/>
    <property name="basedir" value="F:\soufangdemo"/>
    <property name="file.separator" value="\"/>
    <property name="line.separator" value="&#10;"/>
    <property name="java.vm.specification.vendor" value="Oracle Corporation"/>
    <property name="java.specification.name" value="Java Platform API Specification"/>
    <property name="java.awt.graphicsenv" value="sun.awt.Win32GraphicsEnvironment"/>
    <property name="surefire.real.class.path" value="C:\Users\昂昂昂\AppData\Local\Temp\surefire8599923651522327002\surefirebooter3782512113403294122.jar"/>
    <property name="sun.boot.class.path" value="C:\Program Files\Java\jdk1.8.0_20\jre\lib\resources.jar;C:\Program Files\Java\jdk1.8.0_20\jre\lib\rt.jar;C:\Program Files\Java\jdk1.8.0_20\jre\lib\sunrsasign.jar;C:\Program Files\Java\jdk1.8.0_20\jre\lib\jsse.jar;C:\Program Files\Java\jdk1.8.0_20\jre\lib\jce.jar;C:\Program Files\Java\jdk1.8.0_20\jre\lib\charsets.jar;C:\Program Files\Java\jdk1.8.0_20\jre\lib\jfr.jar;C:\Program Files\Java\jdk1.8.0_20\jre\classes"/>
    <property name="user.script" value=""/>
    <property name="sun.management.compiler" value="HotSpot 64-Bit Tiered Compilers"/>
    <property name="java.runtime.version" value="1.8.0_20-b26"/>
    <property name="user.name" value="昂昂昂"/>
    <property name="path.separator" value=";"/>
    <property name="os.version" value="6.3"/>
    <property name="java.endorsed.dirs" value="C:\Program Files\Java\jdk1.8.0_20\jre\lib\endorsed"/>
    <property name="java.runtime.name" value="Java(TM) SE Runtime Environment"/>
    <property name="file.encoding" value="GBK"/>
    <property name="java.vm.name" value="Java HotSpot(TM) 64-Bit Server VM"/>
    <property name="localRepository" value="F:\javamaven\.m2\repository"/>
    <property name="java.vendor.url.bug" value="http://bugreport.sun.com/bugreport/"/>
    <property name="java.io.tmpdir" value="C:\Users\昂昂昂\AppData\Local\Temp\"/>
    <property name="idea.version" value="2021.3.2"/>
    <property name="java.version" value="1.8.0_20"/>
    <property name="user.dir" value="F:\soufangdemo"/>
    <property name="os.arch" value="amd64"/>
    <property name="java.vm.specification.name" value="Java Virtual Machine Specification"/>
    <property name="java.awt.printerjob" value="sun.awt.windows.WPrinterJob"/>
    <property name="sun.os.patch.level" value=""/>
    <property name="java.library.path" value="C:\Program Files\Java\jdk1.8.0_20\jre\bin;C:\WINDOWS\Sun\Java\bin;C:\WINDOWS\system32;C:\WINDOWS;C:\ProgramData\Oracle\Java\javapath;C:\Program Files (x86)\Intel\iCLS Client\;C:\Program Files\Intel\iCLS Client\;C:\Windows\system32;C:\Windows;C:\Windows\System32\Wbem;C:\Windows\System32\WindowsPowerShell\v1.0\;C:\Program Files (x86)\NVIDIA Corporation\PhysX\Common;C:\Program Files\Java\jdk1.8.0_20\bin;C:\Program Files\Java\jdk1.8.0_20\jre\bin;C:\WINDOWS\system32;C:\WINDOWS;C:\WINDOWS\System32\Wbem;C:\WINDOWS\System32\WindowsPowerShell\v1.0\;C:\WINDOWS\System32\OpenSSH\;C:\Program Files (x86)\MySQL\MySQL Server 5.5\bin;C:\Program Files\Microsoft VS Code\bin;E:\mysql\bin;C:\Program Files (x86)\Microsoft SQL Server\130\Tools\Binn\;C:\Program Files\Microsoft SQL Server\130\Tools\Binn\;C:\Program Files (x86)\Microsoft SQL Server\130\DTS\Binn\;C:\Program Files\Microsoft SQL Server\130\DTS\Binn\;C:\Program Files\Microsoft SQL Server\Client SDK\ODBC\130\Tools\Binn\;E:\python;E:\python\Scripts;&quot;D:\tomcat8.0\bin;D:\tomcat8.0\lib&quot;;C:\Program Files\NVIDIA Corporation\NVIDIA NvDLISR;E:\Download\apache-tomcat-8.5.81-windows-x64\apache-tomcat-8.5.81\bin;C:\WINDOWS\system32;C:\WINDOWS;C:\WINDOWS\System32\Wbem;C:\WINDOWS\System32\WindowsPowerShell\v1.0\;C:\WINDOWS\System32\OpenSSH\;C:\Program Files\Docker\Docker\resources\bin;F:\node\;C:\ProgramData\chocolatey\bin;F:\node\node_global;F:\MinGW\msys\1.0\bin;F:\apache-maven-3.9.1-bin\apache-maven-3.9.1\bin;C:\Users\昂昂昂\AppData\Local\Programs\Python\Python311-32\Scripts\;C:\Users\昂昂昂\AppData\Local\Programs\Python\Python311-32\;E:\python;E:\python\Library\mingw-w64\bin;E:\python\Library\usr\bin;E:\python\Library\bin;E:\python\Scripts;C:\Users\昂昂昂\AppData\Local\Microsoft\WindowsApps;E:\IntelliJ IDEA 2019.2.1\bin;;C:\Users\昂昂昂\AppData\Roaming\npm;."/>
    <property name="java.vm.info" value="mixed mode"/>
    <property name="java.vendor" value="Oracle Corporation"/>
    <property name="java.vm.version" value="25.20-b23"/>
    <property name="java.ext.dirs" value="C:\Program Files\Java\jdk1.8.0_20\jre\lib\ext;C:\WINDOWS\Sun\Java\lib\ext"/>
    <property name="sun.io.unicode.encoding" value="UnicodeLittle"/>
    <property name="maven.repo.local" value="F:\javamaven\.m2\repository"/>
    <property name="java.class.version" value="52.0"/>
  </properties>
  <testcase name="contextLoads" classname="com.soufang.soufangdemo.Experiment5ApplicationTests" time="0.552"/>
</testsuite>